20140829 14:13:13 620 logmessage
20140829 14:13:18 213 logmessage
20140829 14:13:22 182 logmessage
20140829 14:13:24 430 logmessage
20140829 14:13:24 433 logmessage
20140829 14:13:24 436 logmessage
20140829 14:13:24 438 logmessage
20140829 14:13:24 441 logmessage
20140829 14:13:24 443 logmessage
20140829 14:13:24 446 logmessage
20140829 14:13:24 448 logmessage
20140829 14:13:24 451 logmessage
20140829 14:13:24 454 logmessage
20140829 14:13:24 456 logmessage
20140829 14:13:24 459 logmessage
20140829 14:13:24 470 logmessage
20140829 14:13:24 471 logmessage
20140829 14:13:24 473 logmessage
20140829 14:13:24 474 logmessage
20140829 14:13:24 475 logmessage
20140829 14:13:24 476 logmessage
20140829 14:13:24 477 logmessage
20140829 14:13:24 478 logmessage
20140829 14:13:24 479 logmessage
20140829 14:13:24 480 logmessage
20140829 14:13:24 481 logmessage
20140829 14:13:24 482 logmessage
20140829 14:13:24 483 logmessage
20140829 14:13:24 485 logmessage
20140829 14:13:24 486 logmessage
20140829 14:13:24 487 logmessage
20140829 14:13:24 488 logmessage
20140829 14:13:24 490 logmessage
20140829 14:13:24 490 logmessage
20140829 14:13:24 492 logmessage
20140829 14:13:24 493 logmessage
20140829 14:13:24 494 logmessage
20140829 14:13:24 495 logmessage
20140829 14:13:24 496 logmessage
20140829 14:13:24 497 logmessage
20140829 14:13:24 498 logmessage
20140829 14:13:24 499 logmessage
20140829 14:13:24 500 logmessage
20140829 14:13:24 501 logmessage
20140829 14:13:24 502 logmessage
20140829 14:13:24 502 logmessage
20140829 14:13:24 503 logmessage
20140829 14:13:24 505 logmessage
20140829 14:13:24 506 logmessage
20140829 14:13:24 508 logmessage
20140829 14:13:24 509 logmessage
20140829 14:13:24 511 logmessage
20140829 14:13:24 512 logmessage
20140829 14:13:24 513 logmessage
20140829 14:13:24 514 logmessage
20140829 14:13:24 515 logmessage
20140829 14:13:24 516 logmessage
20140829 14:13:24 517 logmessage
20140829 14:13:24 518 logmessage
20140829 14:13:24 519 logmessage
20140829 14:13:24 519 logmessage
20140829 14:13:24 520 logmessage
20140829 14:13:24 522 logmessage
20140829 14:13:24 523 logmessage
20140829 14:13:24 525 logmessage
20140829 14:13:24 526 logmessage
20140829 14:13:24 527 logmessage
20140829 14:13:24 528 logmessage
20140829 14:13:24 529 logmessage
20140829 14:13:24 530 logmessage
20140829 14:13:24 531 logmessage
20140829 14:13:24 531 logmessage
20140829 14:13:24 532 logmessage
20140829 14:13:24 533 logmessage
20140829 14:13:24 534 logmessage
20140829 14:13:24 535 logmessage
20140829 14:13:24 536 logmessage
20140829 14:13:24 537 logmessage
20140829 14:13:24 537 logmessage
20140829 14:13:24 538 logmessage
20140829 14:13:24 539 logmessage
20140829 14:13:24 540 logmessage
20140829 14:13:24 541 logmessage
20140829 14:13:24 543 logmessage
20140829 14:13:24 544 logmessage
20140829 14:13:24 545 logmessage
20140829 14:13:24 545 logmessage
20140829 14:13:24 546 logmessage
20140829 14:13:24 546 logmessage
20140829 14:13:24 546 logmessage
20140829 14:13:24 547 logmessage
20140829 14:13:24 548 logmessage
20140829 14:13:24 549 logmessage
20140829 14:13:24 549 logmessage
20140829 14:13:24 550 logmessage
20140829 14:13:24 550 logmessage
20140829 14:13:24 551 logmessage
20140829 14:13:24 552 logmessage
20140829 14:13:24 553 logmessage
20140829 14:13:24 553 logmessage
20140829 15:25:10 750 logmessage
20140829 15:25:12 246 logmessage
20140829 15:25:13 941 logmessage
20140829 15:25:13 942 logmessage
20140829 15:25:13 943 logmessage
20140829 15:25:13 944 logmessage
20140829 15:25:13 945 logmessage
20140829 15:25:13 946 logmessage
20140829 15:25:13 947 logmessage
20140829 15:25:13 948 logmessage
20140829 15:25:13 949 logmessage
20140829 15:25:13 950 logmessage
20140829 15:25:13 951 logmessage
20140829 15:25:13 952 logmessage
20140829 15:25:13 953 logmessage
20140829 15:25:13 960 logmessage
20140829 15:25:13 961 logmessage
20140829 15:25:13 961 logmessage
20140829 15:25:13 962 logmessage
20140829 15:25:13 963 logmessage
20140829 15:25:13 964 logmessage
20140829 15:25:13 965 logmessage
20140829 15:25:13 966 logmessage
20140829 15:25:13 967 logmessage
20140829 15:25:13 968 logmessage
20140829 15:25:13 969 logmessage
20140829 15:25:13 970 logmessage
20140829 15:25:13 971 logmessage
20140829 15:25:13 972 logmessage
20140829 15:25:13 974 logmessage
20140829 15:25:13 976 logmessage
20140829 15:25:13 977 logmessage
20140829 15:25:13 978 logmessage
20140829 15:25:13 979 logmessage
20140829 15:25:13 980 logmessage
20140829 15:25:13 981 logmessage
20140829 15:25:13 982 logmessage
20140829 15:25:13 983 logmessage
20140829 15:25:13 984 logmessage
20140829 15:25:13 985 logmessage
20140829 15:25:13 986 logmessage
20140829 15:25:13 987 logmessage
20140829 15:25:13 988 logmessage
20140829 15:25:13 989 logmessage
20140829 15:25:13 991 logmessage
20140829 15:25:13 993 logmessage
20140829 15:25:13 994 logmessage
20140829 15:25:13 995 logmessage
20140829 15:25:13 996 logmessage
20140829 15:25:13 997 logmessage
20140829 15:25:13 999 logmessage
20140829 15:25:14 000 logmessage
20140829 15:25:14 001 logmessage
20140829 15:25:14 002 logmessage
20140829 15:25:14 003 logmessage
20140829 15:25:14 004 logmessage
20140829 15:25:14 004 logmessage
20140829 15:25:14 005 logmessage
20140829 15:25:14 006 logmessage
20140829 15:25:14 008 logmessage
20140829 15:25:14 010 logmessage
20140829 15:25:14 011 logmessage
20140829 15:25:14 012 logmessage
20140829 15:25:14 013 logmessage
20140829 15:25:14 014 logmessage
20140829 15:25:14 015 logmessage
20140829 15:25:14 016 logmessage
20140829 15:25:14 017 logmessage
20140829 15:25:14 018 logmessage
20140829 15:25:14 019 logmessage
20140829 15:25:14 020 logmessage
20140829 15:25:14 022 logmessage
20140829 15:25:14 023 logmessage
20140829 15:25:14 024 logmessage
20140829 15:25:14 025 logmessage
20140829 15:25:14 026 logmessage
20140829 15:25:14 027 logmessage
20140829 15:25:14 028 logmessage
20140829 15:25:14 029 logmessage
20140829 15:25:14 029 logmessage
20140829 15:25:14 030 logmessage
20140829 15:25:14 031 logmessage
20140829 15:25:14 032 logmessage
20140829 15:25:14 034 logmessage
20140829 15:25:14 035 logmessage
20140829 15:25:14 036 logmessage
20140829 15:25:14 036 logmessage
20140829 15:25:14 038 logmessage
20140829 15:25:14 039 logmessage
20140829 15:25:14 040 logmessage
20140829 15:25:14 040 logmessage
20140829 15:25:14 041 logmessage
20140829 15:25:14 043 logmessage
20140829 15:25:14 044 logmessage
20140829 15:25:14 045 logmessage
20140829 15:25:14 045 logmessage
20140829 15:25:14 046 logmessage
20140829 15:25:14 047 logmessage
20140829 15:25:14 048 logmessage
20140829 15:25:14 048 logmessage
20140829 15:29:50 583 logmessage
20140829 15:29:50 766 logmessage
20140829 15:29:50 768 logmessage
20140829 15:29:50 770 logmessage
20140829 15:29:50 771 logmessage
20140829 15:29:50 773 logmessage
20140829 15:29:50 774 logmessage
20140829 15:29:50 775 logmessage
20140829 15:29:50 776 logmessage
20140829 15:29:50 779 logmessage
20140829 15:29:50 780 logmessage
20140829 15:29:50 782 logmessage
20140829 15:29:50 783 logmessage
20140829 15:29:50 784 logmessage
20140829 15:29:50 785 logmessage
20140829 15:29:50 791 logmessage
20140829 15:29:50 792 logmessage
20140829 15:29:50 792 logmessage
20140829 15:29:50 794 logmessage
20140829 15:29:50 796 logmessage
20140829 15:29:50 797 logmessage
20140829 15:29:50 799 logmessage
20140829 15:29:50 800 logmessage
20140829 15:29:50 801 logmessage
20140829 15:29:50 803 logmessage
20140829 15:29:50 804 logmessage
20140829 15:29:50 805 logmessage
20140829 15:29:50 807 logmessage
20140829 15:29:50 808 logmessage
20140829 15:29:50 809 logmessage
20140829 15:29:50 810 logmessage
20140829 15:29:50 812 logmessage
20140829 15:29:50 815 logmessage
20140829 15:29:50 816 logmessage
20140829 15:29:50 818 logmessage
20140829 15:29:50 822 logmessage
20140829 15:29:50 824 logmessage
20140829 15:29:50 825 logmessage
20140829 15:29:50 827 logmessage
20140829 15:29:50 830 logmessage
20140829 15:29:50 832 logmessage
20140829 15:29:50 834 logmessage
20140829 15:29:50 842 logmessage
20140829 15:29:50 843 logmessage
20140829 15:29:50 846 logmessage
20140829 15:29:50 847 logmessage
20140829 15:29:50 849 logmessage
20140829 15:29:50 850 logmessage
20140829 15:29:50 851 logmessage
20140829 15:29:50 852 logmessage
20140829 15:29:50 854 logmessage
20140829 15:29:50 856 logmessage
20140829 15:29:50 857 logmessage
20140829 15:29:50 859 logmessage
20140829 15:29:50 860 logmessage
20140829 15:29:50 861 logmessage
20140829 15:29:50 864 logmessage
20140829 15:29:50 866 logmessage
20140829 15:29:50 868 logmessage
20140829 15:29:50 869 logmessage
20140829 15:29:50 870 logmessage
20140829 15:29:50 871 logmessage
20140829 15:29:50 872 logmessage
20140829 15:29:50 874 logmessage
20140829 15:29:50 877 logmessage
20140829 15:29:50 879 logmessage
20140829 15:29:50 879 logmessage
20140829 15:29:50 881 logmessage
20140829 15:29:50 882 logmessage
20140829 15:29:50 883 logmessage
20140829 15:29:50 883 logmessage
20140829 15:29:50 884 logmessage
20140829 15:29:50 886 logmessage
20140829 15:29:50 887 logmessage
20140829 15:29:50 888 logmessage
20140829 15:29:50 889 logmessage
20140829 15:29:50 890 logmessage
20140829 15:29:50 893 logmessage
20140829 15:29:50 895 logmessage
20140829 15:29:50 898 logmessage
20140829 15:29:50 899 logmessage
20140829 15:29:50 901 logmessage
20140829 15:29:50 904 logmessage
20140829 15:29:50 905 logmessage
20140829 15:29:50 908 logmessage
20140829 15:29:50 909 logmessage
20140829 15:29:50 911 logmessage
20140829 15:29:50 913 logmessage
20140829 15:29:50 914 logmessage
20140829 15:29:50 915 logmessage
20140829 15:29:50 916 logmessage
20140829 15:29:50 918 logmessage
20140829 15:29:50 919 logmessage
20140829 15:29:50 921 logmessage
20140829 15:29:50 922 logmessage
20140829 15:29:50 923 logmessage
20140829 15:29:50 926 logmessage
20140829 15:29:50 928 logmessage
20140829 15:29:50 929 logmessage
20140829 15:29:50 930 logmessage
20140829 15:30:41 437 logmessage
20140829 15:30:41 563 logmessage
20140829 15:30:41 565 logmessage
20140829 15:30:41 566 logmessage
20140829 15:30:41 567 logmessage
20140829 15:30:41 568 logmessage
20140829 15:30:41 569 logmessage
20140829 15:30:41 570 logmessage
20140829 15:30:41 571 logmessage
20140829 15:30:41 572 logmessage
20140829 15:30:41 573 logmessage
20140829 15:30:41 574 logmessage
20140829 15:30:41 575 logmessage
20140829 15:30:41 576 logmessage
20140829 15:30:41 577 logmessage
20140829 15:30:41 581 logmessage
20140829 15:30:41 582 logmessage
20140829 15:30:41 583 logmessage
20140829 15:30:41 584 logmessage
20140829 15:30:41 585 logmessage
20140829 15:30:41 586 logmessage
20140829 15:30:41 588 logmessage
20140829 15:30:41 589 logmessage
20140829 15:30:41 590 logmessage
20140829 15:30:41 591 logmessage
20140829 15:30:41 592 logmessage
20140829 15:30:41 593 logmessage
20140829 15:30:41 595 logmessage
20140829 15:30:41 596 logmessage
20140829 15:30:41 597 logmessage
20140829 15:30:41 599 logmessage
20140829 15:30:41 600 logmessage
20140829 15:30:41 601 logmessage
20140829 15:30:41 603 logmessage
20140829 15:30:41 604 logmessage
20140829 15:30:41 605 logmessage
20140829 15:30:41 606 logmessage
20140829 15:30:41 607 logmessage
20140829 15:30:41 609 logmessage
20140829 15:30:41 610 logmessage
20140829 15:30:41 611 logmessage
20140829 15:30:41 613 logmessage
20140829 15:30:41 614 logmessage
20140829 15:30:41 616 logmessage
20140829 15:30:41 617 logmessage
20140829 15:30:41 618 logmessage
20140829 15:30:41 620 logmessage
20140829 15:30:41 620 logmessage
20140829 15:30:41 621 logmessage
20140829 15:30:41 623 logmessage
20140829 15:30:41 624 logmessage
20140829 15:30:41 626 logmessage
20140829 15:30:41 627 logmessage
20140829 15:30:41 628 logmessage
20140829 15:30:41 629 logmessage
20140829 15:30:41 630 logmessage
20140829 15:30:41 632 logmessage
20140829 15:30:41 633 logmessage
20140829 15:30:41 634 logmessage
20140829 15:30:41 635 logmessage
20140829 15:30:41 637 logmessage
20140829 15:30:41 639 logmessage
20140829 15:30:41 641 logmessage
20140829 15:30:41 642 logmessage
20140829 15:30:41 646 logmessage
20140829 15:30:41 648 logmessage
20140829 15:30:41 650 logmessage
20140829 15:30:41 651 logmessage
20140829 15:30:41 653 logmessage
20140829 15:30:41 654 logmessage
20140829 15:30:41 655 logmessage
20140829 15:30:41 656 logmessage
20140829 15:30:41 658 logmessage
20140829 15:30:41 659 logmessage
20140829 15:30:41 661 logmessage
20140829 15:30:41 662 logmessage
20140829 15:30:41 663 logmessage
20140829 15:30:41 664 logmessage
20140829 15:30:41 665 logmessage
20140829 15:30:41 666 logmessage
20140829 15:30:41 668 logmessage
20140829 15:30:41 670 logmessage
20140829 15:30:41 672 logmessage
20140829 15:30:41 673 logmessage
20140829 15:30:41 675 logmessage
20140829 15:30:41 676 logmessage
20140829 15:30:41 678 logmessage
20140829 15:30:41 680 logmessage
20140829 15:30:41 682 logmessage
20140829 15:30:41 683 logmessage
20140829 15:30:41 684 logmessage
20140829 15:30:41 686 logmessage
20140829 15:30:41 687 logmessage
20140829 15:30:41 688 logmessage
20140829 15:30:41 689 logmessage
20140829 15:30:41 691 logmessage
20140829 15:30:41 692 logmessage
20140829 15:30:41 693 logmessage
20140829 15:30:41 695 logmessage
20140829 15:30:41 696 logmessage
20140829 15:31:01 555 logmessage
20140829 15:31:01 710 logmessage
20140829 15:31:01 711 logmessage
20140829 15:31:01 713 logmessage
20140829 15:31:01 714 logmessage
20140829 15:31:01 716 logmessage
20140829 15:31:01 717 logmessage
20140829 15:31:01 719 logmessage
20140829 15:31:01 727 logmessage
20140829 15:31:01 729 logmessage
20140829 15:31:01 730 logmessage
20140829 15:31:01 732 logmessage
20140829 15:31:01 733 logmessage
20140829 15:31:01 735 logmessage
20140829 15:31:01 738 logmessage
20140829 15:31:01 743 logmessage
20140829 15:31:01 746 logmessage
20140829 15:31:01 748 logmessage
20140829 15:31:01 749 logmessage
20140829 15:31:01 751 logmessage
20140829 15:31:01 753 logmessage
20140829 15:31:01 755 logmessage
20140829 15:31:01 757 logmessage
20140829 15:31:01 758 logmessage
20140829 15:31:01 759 logmessage
20140829 15:31:01 761 logmessage
20140829 15:31:01 762 logmessage
20140829 15:31:01 763 logmessage
20140829 15:31:01 765 logmessage
20140829 15:31:01 766 logmessage
20140829 15:31:01 767 logmessage
20140829 15:31:01 769 logmessage
20140829 15:31:01 770 logmessage
20140829 15:31:01 771 logmessage
20140829 15:31:01 774 logmessage
20140829 15:31:01 775 logmessage
20140829 15:31:01 776 logmessage
20140829 15:31:01 784 logmessage
20140829 15:31:01 787 logmessage
20140829 15:31:01 788 logmessage
20140829 15:31:01 789 logmessage
20140829 15:31:01 791 logmessage
20140829 15:31:01 792 logmessage
20140829 15:31:01 794 logmessage
20140829 15:31:01 795 logmessage
20140829 15:31:01 797 logmessage
20140829 15:31:01 798 logmessage
20140829 15:31:01 798 logmessage
20140829 15:31:01 799 logmessage
20140829 15:31:01 800 logmessage
20140829 15:31:01 802 logmessage
20140829 15:31:01 804 logmessage
20140829 15:31:01 806 logmessage
20140829 15:31:01 808 logmessage
20140829 15:31:01 809 logmessage
20140829 15:31:01 811 logmessage
20140829 15:31:01 831 logmessage
20140829 15:31:01 833 logmessage
20140829 15:31:01 834 logmessage
20140829 15:31:01 835 logmessage
20140829 15:31:01 836 logmessage
20140829 15:31:01 838 logmessage
20140829 15:31:01 839 logmessage
20140829 15:31:01 841 logmessage
20140829 15:31:01 844 logmessage
20140829 15:31:01 846 logmessage
20140829 15:31:01 848 logmessage
20140829 15:31:01 849 logmessage
20140829 15:31:01 850 logmessage
20140829 15:31:01 852 logmessage
20140829 15:31:01 854 logmessage
20140829 15:31:01 856 logmessage
20140829 15:31:01 857 logmessage
20140829 15:31:01 858 logmessage
20140829 15:31:01 861 logmessage
20140829 15:31:01 862 logmessage
20140829 15:31:01 864 logmessage
20140829 15:31:01 867 logmessage
20140829 15:31:01 868 logmessage
20140829 15:31:01 870 logmessage
20140829 15:31:01 872 logmessage
20140829 15:31:01 873 logmessage
20140829 15:31:01 874 logmessage
20140829 15:31:01 875 logmessage
20140829 15:31:01 877 logmessage
20140829 15:31:01 878 logmessage
20140829 15:31:01 880 logmessage
20140829 15:31:01 881 logmessage
20140829 15:31:01 882 logmessage
20140829 15:31:01 883 logmessage
20140829 15:31:01 885 logmessage
20140829 15:31:01 886 logmessage
20140829 15:31:01 887 logmessage
20140829 15:31:01 888 logmessage
20140829 15:31:01 889 logmessage
20140829 15:31:01 892 logmessage
20140829 15:31:01 894 logmessage
20140829 15:31:01 895 logmessage
20140829 15:31:01 896 logmessage
20140829 15:31:01 897 logmessage
20140829 15:34:30 973 logmessage
20140829 15:34:31 149 logmessage
20140829 15:34:31 153 logmessage
20140829 15:34:31 155 logmessage
20140829 15:34:31 156 logmessage
20140829 15:34:31 158 logmessage
20140829 15:34:31 159 logmessage
20140829 15:34:31 161 logmessage
20140829 15:34:31 162 logmessage
20140829 15:34:31 163 logmessage
20140829 15:34:31 165 logmessage
20140829 15:34:31 168 logmessage
20140829 15:34:31 169 logmessage
20140829 15:34:31 173 logmessage
20140829 15:34:31 174 logmessage
20140829 15:34:31 180 logmessage
20140829 15:34:31 182 logmessage
20140829 15:34:31 183 logmessage
20140829 15:34:31 184 logmessage
20140829 15:34:31 187 logmessage
20140829 15:34:31 189 logmessage
20140829 15:34:31 192 logmessage
20140829 15:34:31 193 logmessage
20140829 15:34:31 194 logmessage
20140829 15:34:31 196 logmessage
20140829 15:34:31 198 logmessage
20140829 15:34:31 203 logmessage
20140829 15:34:31 205 logmessage
20140829 15:34:31 208 logmessage
20140829 15:34:31 209 logmessage
20140829 15:34:31 211 logmessage
20140829 15:34:31 213 logmessage
20140829 15:34:31 215 logmessage
20140829 15:34:31 217 logmessage
20140829 15:34:31 218 logmessage
20140829 15:34:31 219 logmessage
20140829 15:34:31 220 logmessage
20140829 15:34:31 225 logmessage
20140829 15:34:31 236 logmessage
20140829 15:34:31 237 logmessage
20140829 15:34:31 239 logmessage
20140829 15:34:31 240 logmessage
20140829 15:34:31 242 logmessage
20140829 15:34:31 244 logmessage
20140829 15:34:31 245 logmessage
20140829 15:34:31 247 logmessage
20140829 15:34:31 249 logmessage
20140829 15:34:31 250 logmessage
20140829 15:34:31 251 logmessage
20140829 15:34:31 253 logmessage
20140829 15:34:31 254 logmessage
20140829 15:34:31 257 logmessage
20140829 15:34:31 258 logmessage
20140829 15:34:31 262 logmessage
20140829 15:34:31 263 logmessage
20140829 15:34:31 265 logmessage
20140829 15:34:31 267 logmessage
20140829 15:34:31 273 logmessage
20140829 15:34:31 274 logmessage
20140829 15:34:31 276 logmessage
20140829 15:34:31 277 logmessage
20140829 15:34:31 278 logmessage
20140829 15:34:31 279 logmessage
20140829 15:34:31 281 logmessage
20140829 15:34:31 285 logmessage
20140829 15:34:31 288 logmessage
20140829 15:34:31 289 logmessage
20140829 15:34:31 290 logmessage
20140829 15:34:31 292 logmessage
20140829 15:34:31 293 logmessage
20140829 15:34:31 294 logmessage
20140829 15:34:31 295 logmessage
20140829 15:34:31 297 logmessage
20140829 15:34:31 298 logmessage
20140829 15:34:31 300 logmessage
20140829 15:34:31 301 logmessage
20140829 15:34:31 303 logmessage
20140829 15:34:31 305 logmessage
20140829 15:34:31 306 logmessage
20140829 15:34:31 307 logmessage
20140829 15:34:31 308 logmessage
20140829 15:34:31 310 logmessage
20140829 15:34:31 311 logmessage
20140829 15:34:31 312 logmessage
20140829 15:34:31 313 logmessage
20140829 15:34:31 315 logmessage
20140829 15:34:31 318 logmessage
20140829 15:34:31 321 logmessage
20140829 15:34:31 322 logmessage
20140829 15:34:31 323 logmessage
20140829 15:34:31 324 logmessage
20140829 15:34:31 325 logmessage
20140829 15:34:31 326 logmessage
20140829 15:34:31 328 logmessage
20140829 15:34:31 329 logmessage
20140829 15:34:31 330 logmessage
20140829 15:34:31 334 logmessage
20140829 15:34:31 335 logmessage
20140829 15:34:31 336 logmessage
20140829 15:34:31 338 logmessage
20140829 15:37:39 745 logmessage
20140829 15:37:39 902 logmessage
20140829 15:37:39 903 logmessage
20140829 15:37:39 905 logmessage
20140829 15:37:39 913 logmessage
20140829 15:37:39 915 logmessage
20140829 15:37:39 917 logmessage
20140829 15:37:39 918 logmessage
20140829 15:37:39 920 logmessage
20140829 15:37:39 921 logmessage
20140829 15:37:39 922 logmessage
20140829 15:37:39 924 logmessage
20140829 15:37:39 926 logmessage
20140829 15:37:39 927 logmessage
20140829 15:37:39 929 logmessage
20140829 15:37:39 934 logmessage
20140829 15:37:39 935 logmessage
20140829 15:37:39 936 logmessage
20140829 15:37:39 937 logmessage
20140829 15:37:39 938 logmessage
20140829 15:37:39 939 logmessage
20140829 15:37:39 940 logmessage
20140829 15:37:39 942 logmessage
20140829 15:37:39 942 logmessage
20140829 15:37:39 943 logmessage
20140829 15:37:39 944 logmessage
20140829 15:37:39 945 logmessage
20140829 15:37:39 951 logmessage
20140829 15:37:39 952 logmessage
20140829 15:37:39 953 logmessage
20140829 15:37:39 954 logmessage
20140829 15:37:39 955 logmessage
20140829 15:37:39 957 logmessage
20140829 15:37:39 959 logmessage
20140829 15:37:39 960 logmessage
20140829 15:37:39 961 logmessage
20140829 15:37:39 962 logmessage
20140829 15:37:39 963 logmessage
20140829 15:37:39 965 logmessage
20140829 15:37:39 966 logmessage
20140829 15:37:39 967 logmessage
20140829 15:37:39 969 logmessage
20140829 15:37:39 970 logmessage
20140829 15:37:39 971 logmessage
20140829 15:37:39 972 logmessage
20140829 15:37:39 973 logmessage
20140829 15:37:39 974 logmessage
20140829 15:37:39 975 logmessage
20140829 15:37:39 977 logmessage
20140829 15:37:39 978 logmessage
20140829 15:37:39 979 logmessage
20140829 15:37:39 981 logmessage
20140829 15:37:39 982 logmessage
20140829 15:37:39 984 logmessage
20140829 15:37:39 985 logmessage
20140829 15:37:39 986 logmessage
20140829 15:37:39 992 logmessage
20140829 15:37:39 994 logmessage
20140829 15:37:39 997 logmessage
20140829 15:37:39 999 logmessage
20140829 15:37:40 000 logmessage
20140829 15:37:40 002 logmessage
20140829 15:37:40 004 logmessage
20140829 15:37:40 006 logmessage
20140829 15:37:40 008 logmessage
20140829 15:37:40 010 logmessage
20140829 15:37:40 012 logmessage
20140829 15:37:40 015 logmessage
20140829 15:37:40 017 logmessage
20140829 15:37:40 019 logmessage
20140829 15:37:40 021 logmessage
20140829 15:37:40 022 logmessage
20140829 15:37:40 024 logmessage
20140829 15:37:40 025 logmessage
20140829 15:37:40 027 logmessage
20140829 15:37:40 029 logmessage
20140829 15:37:40 030 logmessage
20140829 15:37:40 032 logmessage
20140829 15:37:40 033 logmessage
20140829 15:37:40 035 logmessage
20140829 15:37:40 036 logmessage
20140829 15:37:40 039 logmessage
20140829 15:37:40 040 logmessage
20140829 15:37:40 042 logmessage
20140829 15:37:40 046 logmessage
20140829 15:37:40 049 logmessage
20140829 15:37:40 053 logmessage
20140829 15:37:40 055 logmessage
20140829 15:37:40 056 logmessage
20140829 15:37:40 058 logmessage
20140829 15:37:40 060 logmessage
20140829 15:37:40 063 logmessage
20140829 15:37:40 065 logmessage
20140829 15:37:40 067 logmessage
20140829 15:37:40 070 logmessage
20140829 15:37:40 071 logmessage
20140829 15:37:40 073 logmessage
20140829 15:37:40 073 logmessage
20140829 15:37:40 075 logmessage
20140829 15:37:40 076 logmessage
20140829 15:38:32 306 logmessage
20140829 15:38:32 826 logmessage
20140829 15:38:32 830 logmessage
20140829 15:38:32 831 logmessage
20140829 15:38:32 832 logmessage
20140829 15:38:32 832 logmessage
20140829 15:38:32 833 logmessage
20140829 15:38:32 834 logmessage
20140829 15:38:32 835 logmessage
20140829 15:38:32 836 logmessage
20140829 15:38:32 837 logmessage
20140829 15:38:32 839 logmessage
20140829 15:38:32 842 logmessage
20140829 15:38:32 844 logmessage
20140829 15:38:32 845 logmessage
20140829 15:38:32 850 logmessage
20140829 15:38:32 852 logmessage
20140829 15:38:32 853 logmessage
20140829 15:38:32 855 logmessage
20140829 15:38:32 857 logmessage
20140829 15:38:32 858 logmessage
20140829 15:38:32 859 logmessage
20140829 15:38:32 861 logmessage
20140829 15:38:32 863 logmessage
20140829 15:38:32 864 logmessage
20140829 15:38:32 866 logmessage
20140829 15:38:32 867 logmessage
20140829 15:38:32 868 logmessage
20140829 15:38:32 870 logmessage
20140829 15:38:32 871 logmessage
20140829 15:38:32 872 logmessage
20140829 15:38:32 873 logmessage
20140829 15:38:32 874 logmessage
20140829 15:38:32 875 logmessage
20140829 15:38:32 876 logmessage
20140829 15:38:32 877 logmessage
20140829 15:38:32 878 logmessage
20140829 15:38:32 879 logmessage
20140829 15:38:32 880 logmessage
20140829 15:38:32 882 logmessage
20140829 15:38:32 883 logmessage
20140829 15:38:32 884 logmessage
20140829 15:38:32 885 logmessage
20140829 15:38:32 886 logmessage
20140829 15:38:32 886 logmessage
20140829 15:38:32 887 logmessage
20140829 15:38:32 888 logmessage
20140829 15:38:32 889 logmessage
20140829 15:38:32 891 logmessage
20140829 15:38:32 892 logmessage
20140829 15:38:32 893 logmessage
20140829 15:38:32 895 logmessage
20140829 15:38:32 897 logmessage
20140829 15:38:32 898 logmessage
20140829 15:38:32 899 logmessage
20140829 15:38:32 900 logmessage
20140829 15:38:32 901 logmessage
20140829 15:38:32 903 logmessage
20140829 15:38:32 905 logmessage
20140829 15:38:32 906 logmessage
20140829 15:38:32 907 logmessage
20140829 15:38:32 908 logmessage
20140829 15:38:32 908 logmessage
20140829 15:38:32 909 logmessage
20140829 15:38:32 910 logmessage
20140829 15:38:32 911 logmessage
20140829 15:38:32 912 logmessage
20140829 15:38:32 913 logmessage
20140829 15:38:32 914 logmessage
20140829 15:38:32 915 logmessage
20140829 15:38:32 916 logmessage
20140829 15:38:32 917 logmessage
20140829 15:38:32 917 logmessage
20140829 15:38:32 918 logmessage
20140829 15:38:32 919 logmessage
20140829 15:38:32 919 logmessage
20140829 15:38:32 920 logmessage
20140829 15:38:32 921 logmessage
20140829 15:38:32 923 logmessage
20140829 15:38:32 924 logmessage
20140829 15:38:32 925 logmessage
20140829 15:38:32 927 logmessage
20140829 15:38:32 928 logmessage
20140829 15:38:32 929 logmessage
20140829 15:38:32 930 logmessage
20140829 15:38:32 931 logmessage
20140829 15:38:32 932 logmessage
20140829 15:38:32 933 logmessage
20140829 15:38:32 933 logmessage
20140829 15:38:32 934 logmessage
20140829 15:38:32 935 logmessage
20140829 15:38:32 935 logmessage
20140829 15:38:32 937 logmessage
20140829 15:38:32 938 logmessage
20140829 15:38:32 939 logmessage
20140829 15:38:32 940 logmessage
20140829 15:38:32 941 logmessage
20140829 15:38:32 942 logmessage
20140829 15:38:32 942 logmessage
20140829 15:38:32 943 logmessage
20140829 15:39:37 828 logmessage
20140829 15:39:38 156 logmessage
20140829 15:39:38 158 logmessage
20140829 15:39:38 159 logmessage
20140829 15:39:38 162 logmessage
20140829 15:39:38 184 logmessage
20140829 15:39:38 185 logmessage
20140829 15:39:38 187 logmessage
20140829 15:39:38 189 logmessage
20140829 15:39:38 191 logmessage
20140829 15:39:38 192 logmessage
20140829 15:39:38 193 logmessage
20140829 15:39:38 194 logmessage
20140829 15:39:38 196 logmessage
20140829 15:39:38 197 logmessage
20140829 15:39:38 202 logmessage
20140829 15:39:38 204 logmessage
20140829 15:39:38 205 logmessage
20140829 15:39:38 205 logmessage
20140829 15:39:38 207 logmessage
20140829 15:39:38 208 logmessage
20140829 15:39:38 209 logmessage
20140829 15:39:38 211 logmessage
20140829 15:39:38 212 logmessage
20140829 15:39:38 212 logmessage
20140829 15:39:38 213 logmessage
20140829 15:39:38 214 logmessage
20140829 15:39:38 216 logmessage
20140829 15:39:38 217 logmessage
20140829 15:39:38 218 logmessage
20140829 15:39:38 219 logmessage
20140829 15:39:38 220 logmessage
20140829 15:39:38 222 logmessage
20140829 15:39:38 223 logmessage
20140829 15:39:38 224 logmessage
20140829 15:39:38 225 logmessage
20140829 15:39:38 227 logmessage
20140829 15:39:38 231 logmessage
20140829 15:39:38 232 logmessage
20140829 15:39:38 233 logmessage
20140829 15:39:38 235 logmessage
20140829 15:39:38 236 logmessage
20140829 15:39:38 237 logmessage
20140829 15:39:38 239 logmessage
20140829 15:39:38 240 logmessage
20140829 15:39:38 241 logmessage
20140829 15:39:38 242 logmessage
20140829 15:39:38 243 logmessage
20140829 15:39:38 245 logmessage
20140829 15:39:38 247 logmessage
20140829 15:39:38 248 logmessage
20140829 15:39:38 250 logmessage
20140829 15:39:38 251 logmessage
20140829 15:39:38 253 logmessage
20140829 15:39:38 254 logmessage
20140829 15:39:38 256 logmessage
20140829 15:39:38 256 logmessage
20140829 15:39:38 257 logmessage
20140829 15:39:38 259 logmessage
20140829 15:39:38 260 logmessage
20140829 15:39:38 261 logmessage
20140829 15:39:38 262 logmessage
20140829 15:39:38 263 logmessage
20140829 15:39:38 265 logmessage
20140829 15:39:38 267 logmessage
20140829 15:39:38 268 logmessage
20140829 15:39:38 270 logmessage
20140829 15:39:38 271 logmessage
20140829 15:39:38 272 logmessage
20140829 15:39:38 272 logmessage
20140829 15:39:38 273 logmessage
20140829 15:39:38 274 logmessage
20140829 15:39:38 275 logmessage
20140829 15:39:38 276 logmessage
20140829 15:39:38 277 logmessage
20140829 15:39:38 278 logmessage
20140829 15:39:38 279 logmessage
20140829 15:39:38 280 logmessage
20140829 15:39:38 281 logmessage
20140829 15:39:38 282 logmessage
20140829 15:39:38 283 logmessage
20140829 15:39:38 284 logmessage
20140829 15:39:38 286 logmessage
20140829 15:39:38 288 logmessage
20140829 15:39:38 290 logmessage
20140829 15:39:38 291 logmessage
20140829 15:39:38 293 logmessage
20140829 15:39:38 295 logmessage
20140829 15:39:38 296 logmessage
20140829 15:39:38 297 logmessage
20140829 15:39:38 298 logmessage
20140829 15:39:38 299 logmessage
20140829 15:39:38 299 logmessage
20140829 15:39:38 299 logmessage
20140829 15:39:38 300 logmessage
20140829 15:39:38 301 logmessage
20140829 15:39:38 302 logmessage
20140829 15:39:38 303 logmessage
20140829 15:39:38 304 logmessage
20140829 15:39:38 305 logmessage
20140829 15:41:37 733 logmessage
20140829 15:41:40 502 logmessage
20140829 15:41:43 398 logmessage
20140829 15:42:13 003 logmessage
20140829 15:42:22 127 logmessage
20140829 15:42:48 022 logmessage
20140829 15:42:50 468 logmessage
20140829 15:42:58 839 logmessage
20140829 15:43:09 734 logmessage
20140829 15:43:58 355 logmessage
20140829 15:43:58 358 logmessage
20140829 15:43:58 359 logmessage
20140829 15:43:58 361 logmessage
20140829 15:43:58 363 logmessage
20140829 15:43:58 364 logmessage
20140829 15:43:58 370 logmessage
20140829 15:43:58 372 logmessage
20140829 15:43:58 373 logmessage
20140829 15:43:58 374 logmessage
20140829 15:43:58 374 logmessage
20140829 15:43:58 376 logmessage
20140829 15:43:58 377 logmessage
20140829 15:43:58 377 logmessage
20140829 15:43:58 378 logmessage
20140829 15:43:58 379 logmessage
20140829 15:43:58 380 logmessage
20140829 15:43:58 381 logmessage
20140829 15:43:58 382 logmessage
20140829 15:43:58 383 logmessage
20140829 15:43:58 385 logmessage
20140829 15:43:58 386 logmessage
20140829 15:43:58 387 logmessage
20140829 15:43:58 388 logmessage
20140829 15:43:58 389 logmessage
20140829 15:43:58 390 logmessage
20140829 15:43:58 391 logmessage
20140829 15:43:58 392 logmessage
20140829 15:43:58 393 logmessage
20140829 15:43:58 394 logmessage
20140829 15:43:58 395 logmessage
20140829 15:43:58 397 logmessage
20140829 15:43:58 398 logmessage
20140829 15:43:58 399 logmessage
20140829 15:43:58 400 logmessage
20140829 15:43:58 401 logmessage
20140829 15:43:58 401 logmessage
20140829 15:43:58 403 logmessage
20140829 15:43:58 404 logmessage
20140829 15:43:58 405 logmessage
20140829 15:43:58 407 logmessage
20140829 15:43:58 408 logmessage
20140829 15:43:58 409 logmessage
20140829 15:43:58 410 logmessage
20140829 15:43:58 411 logmessage
20140829 15:43:58 412 logmessage
20140829 15:43:58 412 logmessage
20140829 15:43:58 413 logmessage
20140829 15:43:58 414 logmessage
20140829 15:43:58 415 logmessage
20140829 15:43:58 416 logmessage
20140829 15:43:58 417 logmessage
20140829 15:43:58 418 logmessage
20140829 15:43:58 419 logmessage
20140829 15:43:58 420 logmessage
20140829 15:43:58 421 logmessage
20140829 15:43:58 423 logmessage
20140829 15:43:58 424 logmessage
20140829 15:43:58 424 logmessage
20140829 15:43:58 425 logmessage
20140829 15:43:58 426 logmessage
20140829 15:43:58 427 logmessage
20140829 15:43:58 428 logmessage
20140829 15:43:58 429 logmessage
20140829 15:43:58 429 logmessage
20140829 15:43:58 431 logmessage
20140829 15:43:58 432 logmessage
20140829 15:43:58 433 logmessage
20140829 15:43:58 434 logmessage
20140829 15:43:58 435 logmessage
20140829 15:43:58 436 logmessage
20140829 15:43:58 436 logmessage
20140829 15:43:58 437 logmessage
20140829 15:43:58 438 logmessage
20140829 15:43:58 439 logmessage
20140829 15:43:58 440 logmessage
20140829 15:43:58 441 logmessage
20140829 15:43:58 442 logmessage
20140829 15:43:58 443 logmessage
20140829 15:43:58 444 logmessage
20140829 15:43:58 445 logmessage
20140829 15:43:58 446 logmessage
20140829 15:43:58 446 logmessage
20140829 15:43:58 447 logmessage
20140829 15:43:58 448 logmessage
20140829 15:43:58 449 logmessage
20140829 15:43:58 450 logmessage
20140829 15:43:58 451 logmessage
20140829 15:43:58 451 logmessage
20140829 15:43:58 452 logmessage
20140829 15:43:58 453 logmessage
