20141113 17:13:53 100 logmessage
20141113 17:13:53 274 logmessage
20141113 17:13:53 276 logmessage
20141113 17:13:53 276 logmessage
20141113 17:13:53 277 logmessage
20141113 17:13:53 279 logmessage
20141113 17:13:53 280 logmessage
20141113 17:13:53 282 logmessage
20141113 17:13:53 283 logmessage
20141113 17:13:53 284 logmessage
20141113 17:13:53 285 logmessage
20141113 17:13:53 286 logmessage
20141113 17:13:53 288 logmessage
20141113 17:13:53 289 logmessage
20141113 17:13:53 291 logmessage
20141113 17:13:53 293 logmessage
20141113 17:13:53 295 logmessage
20141113 17:13:53 296 logmessage
20141113 17:13:53 297 logmessage
20141113 17:13:53 298 logmessage
20141113 17:13:53 300 logmessage
20141113 17:13:53 301 logmessage
20141113 17:13:53 302 logmessage
20141113 17:13:53 303 logmessage
20141113 17:13:53 304 logmessage
20141113 17:13:53 305 logmessage
20141113 17:13:53 305 logmessage
20141113 17:13:53 307 logmessage
20141113 17:13:53 308 logmessage
20141113 17:13:53 309 logmessage
20141113 17:13:53 310 logmessage
20141113 17:13:53 311 logmessage
20141113 17:13:53 312 logmessage
20141113 17:13:53 314 logmessage
20141113 17:13:53 315 logmessage
20141113 17:13:53 317 logmessage
20141113 17:13:53 318 logmessage
20141113 17:13:53 320 logmessage
20141113 17:13:53 321 logmessage
20141113 17:13:53 323 logmessage
20141113 17:13:53 324 logmessage
20141113 17:13:53 327 logmessage
20141113 17:13:53 328 logmessage
20141113 17:13:53 330 logmessage
20141113 17:13:53 332 logmessage
20141113 17:13:53 334 logmessage
20141113 17:13:53 336 logmessage
20141113 17:13:53 339 logmessage
20141113 17:13:53 342 logmessage
20141113 17:13:53 344 logmessage
20141113 17:13:53 345 logmessage
20141113 17:13:53 347 logmessage
20141113 17:13:53 349 logmessage
20141113 17:13:53 350 logmessage
20141113 17:13:53 351 logmessage
20141113 17:13:53 352 logmessage
20141113 17:13:53 354 logmessage
20141113 17:13:53 356 logmessage
20141113 17:13:53 357 logmessage
20141113 17:13:53 358 logmessage
20141113 17:13:53 360 logmessage
20141113 17:13:53 361 logmessage
20141113 17:13:53 363 logmessage
20141113 17:13:53 363 logmessage
20141113 17:13:53 366 logmessage
20141113 17:13:53 367 logmessage
20141113 17:13:53 368 logmessage
20141113 17:13:53 369 logmessage
20141113 17:13:53 370 logmessage
20141113 17:13:53 371 logmessage
20141113 17:13:53 372 logmessage
20141113 17:13:53 373 logmessage
20141113 17:13:53 374 logmessage
20141113 17:13:53 375 logmessage
20141113 17:13:53 376 logmessage
20141113 17:13:53 378 logmessage
20141113 17:13:53 379 logmessage
20141113 17:13:53 380 logmessage
20141113 17:13:53 381 logmessage
20141113 17:13:53 382 logmessage
20141113 17:13:53 383 logmessage
20141113 17:13:53 384 logmessage
20141113 17:13:53 386 logmessage
20141113 17:13:53 387 logmessage
20141113 17:13:53 389 logmessage
20141113 17:13:53 391 logmessage
20141113 17:13:53 392 logmessage
20141113 17:13:53 396 logmessage
20141113 17:13:53 401 logmessage
20141113 17:13:53 403 logmessage
20141113 17:13:53 406 logmessage
20141113 17:13:53 407 logmessage
20141113 17:13:53 410 logmessage
20141113 17:13:53 414 logmessage
20141113 17:13:53 416 logmessage
20141113 17:13:53 417 logmessage
20141113 17:13:53 419 logmessage
20141113 17:13:53 421 logmessage
20141113 17:13:53 422 logmessage
20141113 17:13:53 423 logmessage
20141113 17:14:07 306 logmessage
20141113 17:14:07 714 logmessage
20141113 17:14:07 715 logmessage
20141113 17:14:07 718 logmessage
20141113 17:14:07 722 logmessage
20141113 17:14:07 723 logmessage
20141113 17:14:07 725 logmessage
20141113 17:14:07 727 logmessage
20141113 17:14:07 729 logmessage
20141113 17:14:07 731 logmessage
20141113 17:14:07 733 logmessage
20141113 17:14:07 734 logmessage
20141113 17:14:07 736 logmessage
20141113 17:14:07 737 logmessage
20141113 17:14:07 739 logmessage
20141113 17:14:07 741 logmessage
20141113 17:14:07 742 logmessage
20141113 17:14:07 743 logmessage
20141113 17:14:07 744 logmessage
20141113 17:14:07 745 logmessage
20141113 17:14:07 748 logmessage
20141113 17:14:07 757 logmessage
20141113 17:14:07 759 logmessage
20141113 17:14:07 760 logmessage
20141113 17:14:07 762 logmessage
20141113 17:14:07 764 logmessage
20141113 17:14:07 766 logmessage
20141113 17:14:07 768 logmessage
20141113 17:14:07 770 logmessage
20141113 17:14:07 771 logmessage
20141113 17:14:07 773 logmessage
20141113 17:14:07 777 logmessage
20141113 17:14:07 781 logmessage
20141113 17:14:07 783 logmessage
20141113 17:14:07 785 logmessage
20141113 17:14:07 786 logmessage
20141113 17:14:07 789 logmessage
20141113 17:14:07 791 logmessage
20141113 17:14:07 792 logmessage
20141113 17:14:07 798 logmessage
20141113 17:14:07 800 logmessage
20141113 17:14:07 801 logmessage
20141113 17:14:07 805 logmessage
20141113 17:14:07 808 logmessage
20141113 17:14:07 810 logmessage
20141113 17:14:07 811 logmessage
20141113 17:14:07 813 logmessage
20141113 17:14:07 815 logmessage
20141113 17:14:07 819 logmessage
20141113 17:14:07 820 logmessage
20141113 17:14:07 822 logmessage
20141113 17:14:07 823 logmessage
20141113 17:14:07 825 logmessage
20141113 17:14:07 827 logmessage
20141113 17:14:07 829 logmessage
20141113 17:14:07 831 logmessage
20141113 17:14:07 833 logmessage
20141113 17:14:07 835 logmessage
20141113 17:14:07 839 logmessage
20141113 17:14:07 842 logmessage
20141113 17:14:07 844 logmessage
20141113 17:14:07 846 logmessage
20141113 17:14:07 847 logmessage
20141113 17:14:07 849 logmessage
20141113 17:14:07 851 logmessage
20141113 17:14:07 852 logmessage
20141113 17:14:07 854 logmessage
20141113 17:14:07 856 logmessage
20141113 17:14:07 858 logmessage
20141113 17:14:07 861 logmessage
20141113 17:14:07 862 logmessage
20141113 17:14:07 863 logmessage
20141113 17:14:07 865 logmessage
20141113 17:14:07 866 logmessage
20141113 17:14:07 868 logmessage
20141113 17:14:07 872 logmessage
20141113 17:14:07 873 logmessage
20141113 17:14:07 875 logmessage
20141113 17:14:07 877 logmessage
20141113 17:14:07 878 logmessage
20141113 17:14:07 884 logmessage
20141113 17:14:07 886 logmessage
20141113 17:14:07 889 logmessage
20141113 17:14:07 891 logmessage
20141113 17:14:07 897 logmessage
20141113 17:14:07 904 logmessage
20141113 17:14:07 907 logmessage
20141113 17:14:07 910 logmessage
20141113 17:14:07 911 logmessage
20141113 17:14:07 913 logmessage
20141113 17:14:07 915 logmessage
20141113 17:14:07 916 logmessage
20141113 17:14:07 917 logmessage
20141113 17:14:07 918 logmessage
20141113 17:14:07 920 logmessage
20141113 17:14:07 922 logmessage
20141113 17:14:07 924 logmessage
20141113 17:14:07 926 logmessage
20141113 17:14:07 928 logmessage
20141113 17:14:07 931 logmessage
