#
# A fatal error has been detected by the Java Runtime Environment:
#
#  Internal Error (javaCalls.cpp:51), pid=51004, tid=40228
#  guarantee(thread->is_Java_thread()) failed: crucial check - the VM thread cannot and must not escape to Java code
#
# JRE version: Java(TM) SE Runtime Environment (8.0-b132) (build 1.8.0-b132)
# Java VM: Java HotSpot(TM) 64-Bit Server VM (25.0-b70 mixed mode windows-amd64 compressed oops)
# Failed to write core dump. Minidumps are not enabled by default on client versions of Windows
#
# If you would like to submit a bug report, please visit:
#   http://bugreport.sun.com/bugreport/crash.jsp
#

---------------  T H R E A D  ---------------

Current thread (0x0000000017b36800):  VMThread [stack: 0x0000000018bd0000,0x0000000018cd0000] [id=40228]

Stack: [0x0000000018bd0000,0x0000000018cd0000]
Native frames: (J=compiled Java code, j=interpreted, Vv=VM code, C=native code)
V  [jvm.dll+0x308e0a]
V  [jvm.dll+0x25df11]
V  [jvm.dll+0x25eb2f]
V  [jvm.dll+0x256417]
V  [jvm.dll+0x1f2968]
V  [jvm.dll+0x1f330f]
V  [jvm.dll+0x308c72]
V  [jvm.dll+0x1f3d61]
V  [jvm.dll+0x25723d]
V  [jvm.dll+0x2572d1]
V  [jvm.dll+0x257525]
V  [jvm.dll+0x257579]
V  [jvm.dll+0xea748]
V  [jvm.dll+0xedd9b]
V  [jvm.dll+0xef58f]
V  [jvm.dll+0xefdd5]
V  [jvm.dll+0xf0022]
V  [jvm.dll+0xb3fae]
V  [jvm.dll+0xb4600]
V  [jvm.dll+0xb4c2a]
V  [jvm.dll+0xfbf5c]
V  [jvm.dll+0x11941f]
V  [jvm.dll+0x2247d2]
V  [jvm.dll+0x1a824e]
V  [jvm.dll+0x229ac7]
V  [jvm.dll+0x228d06]
V  [jvm.dll+0x2291a1]
V  [jvm.dll+0x2293be]
V  [jvm.dll+0x27baea]
C  [msvcr100.dll+0x21d9f]
C  [msvcr100.dll+0x21e3b]
C  [KERNEL32.DLL+0x1842]
C  [ntdll.dll+0x3f9d1]

VM_Operation (0x000000001979f130): GetOrSetLocal, mode: safepoint, requested by thread 0x0000000017b9c000


---------------  P R O C E S S  ---------------

Java Threads: ( => current thread )
  0x000000001922f000 JavaThread "ReaderThread" [_thread_in_native, id=44788, stack(0x0000000019ea0000,0x0000000019fa0000)]
  0x0000000017bcc000 JavaThread "Service Thread" daemon [_thread_blocked, id=20896, stack(0x0000000019ca0000,0x0000000019da0000)]
  0x0000000017bca000 JavaThread "C1 CompilerThread2" daemon [_thread_blocked, id=11456, stack(0x0000000019ba0000,0x0000000019ca0000)]
  0x0000000017bc9800 JavaThread "C2 CompilerThread1" daemon [_thread_blocked, id=46716, stack(0x0000000019aa0000,0x0000000019ba0000)]
  0x0000000017bbc800 JavaThread "C2 CompilerThread0" daemon [_thread_blocked, id=19204, stack(0x00000000199a0000,0x0000000019aa0000)]
  0x0000000017baf800 JavaThread "JDWP Command Reader" daemon [_thread_blocked, id=42968, stack(0x00000000198a0000,0x00000000199a0000)]
  0x0000000017ba8800 JavaThread "JDWP Event Helper Thread" daemon [_thread_blocked, id=40428, stack(0x00000000197a0000,0x00000000198a0000)]
  0x0000000017b9c000 JavaThread "JDWP Transport Listener: dt_socket" daemon [_thread_blocked, id=43400, stack(0x00000000196a0000,0x00000000197a0000)]
  0x0000000017b88800 JavaThread "Attach Listener" daemon [_thread_blocked, id=46584, stack(0x00000000193d0000,0x00000000194d0000)]
  0x0000000018f12800 JavaThread "Signal Dispatcher" daemon [_thread_blocked, id=43484, stack(0x00000000192d0000,0x00000000193d0000)]
  0x0000000002ffa000 JavaThread "Finalizer" daemon [_thread_blocked, id=30596, stack(0x0000000018dd0000,0x0000000018ed0000)]
  0x0000000002ff1800 JavaThread "Reference Handler" daemon [_thread_blocked, id=27416, stack(0x0000000018cd0000,0x0000000018dd0000)]
  0x0000000002f05000 JavaThread "main" [_thread_blocked, id=50612, stack(0x0000000002e00000,0x0000000002f00000)]

Other Threads:
=>0x0000000017b36800 VMThread [stack: 0x0000000018bd0000,0x0000000018cd0000] [id=40228]
  0x0000000018fa4000 WatcherThread [stack: 0x0000000019da0000,0x0000000019ea0000] [id=17216]

VM state:at safepoint (normal execution)

VM Mutex/Monitor currently owned by a thread:  ([mutex/lock_event])
[0x0000000002f025d0] Threads_lock - owner thread: 0x0000000017b36800

Heap:
 PSYoungGen      total 2560K, used 918K [0x00000000d5c00000, 0x00000000d6200000, 0x0000000100000000)
  eden space 2048K, 20% used [0x00000000d5c00000,0x00000000d5c6b208,0x00000000d5e00000)
  from space 512K, 95% used [0x00000000d5e00000,0x00000000d5e7a630,0x00000000d5e80000)
  to   space 1024K, 0% used [0x00000000d6100000,0x00000000d6100000,0x00000000d6200000)
 ParOldGen       total 129536K, used 1119K [0x0000000081400000, 0x0000000089280000, 0x00000000d5c00000)
  object space 129536K, 0% used [0x0000000081400000,0x0000000081517cf0,0x0000000089280000)
 Metaspace       used 4266K, capacity 4884K, committed 5248K, reserved 1056768K
  class space    used 490K, capacity 528K, committed 640K, reserved 1048576K

Card table byte_map: [0x00000000123c0000,0x00000000127c0000] byte_map_base: 0x0000000011fb6000

Marking Bits: (ParMarkBitMap*) 0x0000000073b713b0
 Begin Bits: [0x0000000012e70000, 0x0000000014e20000)
 End Bits:   [0x0000000014e20000, 0x0000000016dd0000)

Polling page: 0x00000000028c0000

CodeCache: size=245760Kb used=1695Kb max_used=1695Kb free=244064Kb
 bounds [0x0000000003000000, 0x0000000003270000, 0x0000000012000000]
 total_blobs=512 nmethods=246 adapters=188
 compilation: enabled

Compilation events (10 events):
Event: 0.556 Thread 0x0000000017bca000  242       1       java.util.Formatter$Flags::valueOf (5 bytes)
Event: 0.557 Thread 0x0000000017bca000 nmethod 242 0x00000000031a35d0 code [0x00000000031a3720, 0x00000000031a3830]
Event: 0.559 Thread 0x0000000017bca000  243       3       sun.misc.PerfCounter::addElapsedTimeFrom (10 bytes)
Event: 0.560 Thread 0x0000000017bca000 nmethod 243 0x00000000031a3890 code [0x00000000031a3a40, 0x00000000031a41b8]
Event: 0.562 Thread 0x0000000017bca000  244       1       java.nio.Buffer::position (5 bytes)
Event: 0.562 Thread 0x0000000017bca000 nmethod 244 0x00000000031a4550 code [0x00000000031a46a0, 0x00000000031a47b0]
Event: 0.563 Thread 0x0000000017bca000  245       3       java.io.File::<init> (47 bytes)
Event: 0.563 Thread 0x0000000017bca000 nmethod 245 0x00000000031a4810 code [0x00000000031a49a0, 0x00000000031a4d08]
Event: 0.563 Thread 0x0000000017bca000  246       3       java.io.WinNTFileSystem::normalizePrefix (132 bytes)
Event: 0.565 Thread 0x0000000017bca000 nmethod 246 0x00000000031a4e50 code [0x00000000031a51a0, 0x00000000031a7138]

GC Heap History (10 events):
Event: 0.077 GC heap before
{Heap before GC invocations=1 (full 0):
 PSYoungGen      total 1024K, used 512K [0x00000000d5c00000, 0x00000000d5d80000, 0x0000000100000000)
  eden space 512K, 100% used [0x00000000d5c00000,0x00000000d5c80000,0x00000000d5c80000)
  from space 512K, 0% used [0x00000000d5d00000,0x00000000d5d00000,0x00000000d5d80000)
  to   space 512K, 0% used [0x00000000d5c80000,0x00000000d5c80000,0x00000000d5d00000)
 ParOldGen       total 129536K, used 0K [0x0000000081400000, 0x0000000089280000, 0x00000000d5c00000)
  object space 129536K, 0% used [0x0000000081400000,0x0000000081400000,0x0000000089280000)
 Metaspace       used 1682K, capacity 4480K, committed 4480K, reserved 1056768K
  class space    used 176K, capacity 384K, committed 384K, reserved 1048576K
Event: 0.078 GC heap after
Heap after GC invocations=1 (full 0):
 PSYoungGen      total 1024K, used 505K [0x00000000d5c00000, 0x00000000d5e00000, 0x0000000100000000)
  eden space 512K, 0% used [0x00000000d5c00000,0x00000000d5c00000,0x00000000d5c80000)
  from space 512K, 98% used [0x00000000d5c80000,0x00000000d5cfe620,0x00000000d5d00000)
  to   space 512K, 0% used [0x00000000d5d80000,0x00000000d5d80000,0x00000000d5e00000)
 ParOldGen       total 129536K, used 64K [0x0000000081400000, 0x0000000089280000, 0x00000000d5c00000)
  object space 129536K, 0% used [0x0000000081400000,0x0000000081410000,0x0000000089280000)
 Metaspace       used 1682K, capacity 4480K, committed 4480K, reserved 1056768K
  class space    used 176K, capacity 384K, committed 384K, reserved 1048576K
}
Event: 0.338 GC heap before
{Heap before GC invocations=2 (full 0):
 PSYoungGen      total 1024K, used 1017K [0x00000000d5c00000, 0x00000000d5e00000, 0x0000000100000000)
  eden space 512K, 100% used [0x00000000d5c00000,0x00000000d5c80000,0x00000000d5c80000)
  from space 512K, 98% used [0x00000000d5c80000,0x00000000d5cfe620,0x00000000d5d00000)
  to   space 512K, 0% used [0x00000000d5d80000,0x00000000d5d80000,0x00000000d5e00000)
 ParOldGen       total 129536K, used 64K [0x0000000081400000, 0x0000000089280000, 0x00000000d5c00000)
  object space 129536K, 0% used [0x0000000081400000,0x0000000081410000,0x0000000089280000)
 Metaspace       used 2660K, capacity 4480K, committed 4480K, reserved 1056768K
  class space    used 281K, capacity 384K, committed 384K, reserved 1048576K
Event: 0.340 GC heap after
Heap after GC invocations=2 (full 0):
 PSYoungGen      total 1536K, used 489K [0x00000000d5c00000, 0x00000000d5e00000, 0x0000000100000000)
  eden space 1024K, 0% used [0x00000000d5c00000,0x00000000d5c00000,0x00000000d5d00000)
  from space 512K, 95% used [0x00000000d5d80000,0x00000000d5dfa630,0x00000000d5e00000)
  to   space 512K, 0% used [0x00000000d5d00000,0x00000000d5d00000,0x00000000d5d80000)
 ParOldGen       total 129536K, used 244K [0x0000000081400000, 0x0000000089280000, 0x00000000d5c00000)
  object space 129536K, 0% used [0x0000000081400000,0x000000008143d020,0x0000000089280000)
 Metaspace       used 2660K, capacity 4480K, committed 4480K, reserved 1056768K
  class space    used 281K, capacity 384K, committed 384K, reserved 1048576K
}
Event: 0.412 GC heap before
{Heap before GC invocations=3 (full 0):
 PSYoungGen      total 1536K, used 1513K [0x00000000d5c00000, 0x00000000d5e00000, 0x0000000100000000)
  eden space 1024K, 100% used [0x00000000d5c00000,0x00000000d5d00000,0x00000000d5d00000)
  from space 512K, 95% used [0x00000000d5d80000,0x00000000d5dfa630,0x00000000d5e00000)
  to   space 512K, 0% used [0x00000000d5d00000,0x00000000d5d00000,0x00000000d5d80000)
 ParOldGen       total 129536K, used 244K [0x0000000081400000, 0x0000000089280000, 0x00000000d5c00000)
  object space 129536K, 0% used [0x0000000081400000,0x000000008143d020,0x0000000089280000)
 Metaspace       used 2789K, capacity 4480K, committed 4480K, reserved 1056768K
  class space    used 298K, capacity 384K, committed 384K, reserved 1048576K
Event: 0.413 GC heap after
Heap after GC invocations=3 (full 0):
 PSYoungGen      total 1536K, used 505K [0x00000000d5c00000, 0x00000000d5f00000, 0x0000000100000000)
  eden space 1024K, 0% used [0x00000000d5c00000,0x00000000d5c00000,0x00000000d5d00000)
  from space 512K, 98% used [0x00000000d5d00000,0x00000000d5d7e620,0x00000000d5d80000)
  to   space 512K, 0% used [0x00000000d5e80000,0x00000000d5e80000,0x00000000d5f00000)
 ParOldGen       total 129536K, used 651K [0x0000000081400000, 0x0000000089280000, 0x00000000d5c00000)
  object space 129536K, 0% used [0x0000000081400000,0x00000000814a2f88,0x0000000089280000)
 Metaspace       used 2789K, capacity 4480K, committed 4480K, reserved 1056768K
  class space    used 298K, capacity 384K, committed 384K, reserved 1048576K
}
Event: 0.466 GC heap before
{Heap before GC invocations=4 (full 0):
 PSYoungGen      total 1536K, used 1529K [0x00000000d5c00000, 0x00000000d5f00000, 0x0000000100000000)
  eden space 1024K, 100% used [0x00000000d5c00000,0x00000000d5d00000,0x00000000d5d00000)
  from space 512K, 98% used [0x00000000d5d00000,0x00000000d5d7e620,0x00000000d5d80000)
  to   space 512K, 0% used [0x00000000d5e80000,0x00000000d5e80000,0x00000000d5f00000)
 ParOldGen       total 129536K, used 651K [0x0000000081400000, 0x0000000089280000, 0x00000000d5c00000)
  object space 129536K, 0% used [0x0000000081400000,0x00000000814a2f88,0x0000000089280000)
 Metaspace       used 3361K, capacity 4588K, committed 4864K, reserved 1056768K
  class space    used 357K, capacity 424K, committed 512K, reserved 1048576K
Event: 0.468 GC heap after
Heap after GC invocations=4 (full 0):
 PSYoungGen      total 2560K, used 505K [0x00000000d5c00000, 0x00000000d5f00000, 0x0000000100000000)
  eden space 2048K, 0% used [0x00000000d5c00000,0x00000000d5c00000,0x00000000d5e00000)
  from space 512K, 98% used [0x00000000d5e80000,0x00000000d5efe620,0x00000000d5f00000)
  to   space 512K, 0% used [0x00000000d5e00000,0x00000000d5e00000,0x00000000d5e80000)
 ParOldGen       total 129536K, used 811K [0x0000000081400000, 0x0000000089280000, 0x00000000d5c00000)
  object space 129536K, 0% used [0x0000000081400000,0x00000000814caf98,0x0000000089280000)
 Metaspace       used 3361K, capacity 4588K, committed 4864K, reserved 1056768K
  class space    used 357K, capacity 424K, committed 512K, reserved 1048576K
}
Event: 0.549 GC heap before
{Heap before GC invocations=5 (full 0):
 PSYoungGen      total 2560K, used 2553K [0x00000000d5c00000, 0x00000000d5f00000, 0x0000000100000000)
  eden space 2048K, 100% used [0x00000000d5c00000,0x00000000d5e00000,0x00000000d5e00000)
  from space 512K, 98% used [0x00000000d5e80000,0x00000000d5efe620,0x00000000d5f00000)
  to   space 512K, 0% used [0x00000000d5e00000,0x00000000d5e00000,0x00000000d5e80000)
 ParOldGen       total 129536K, used 811K [0x0000000081400000, 0x0000000089280000, 0x00000000d5c00000)
  object space 129536K, 0% used [0x0000000081400000,0x00000000814caf98,0x0000000089280000)
 Metaspace       used 4174K, capacity 4852K, committed 5120K, reserved 1056768K
  class space    used 473K, capacity 496K, committed 512K, reserved 1048576K
Event: 0.551 GC heap after
Heap after GC invocations=5 (full 0):
 PSYoungGen      total 2560K, used 489K [0x00000000d5c00000, 0x00000000d6200000, 0x0000000100000000)
  eden space 2048K, 0% used [0x00000000d5c00000,0x00000000d5c00000,0x00000000d5e00000)
  from space 512K, 95% used [0x00000000d5e00000,0x00000000d5e7a630,0x00000000d5e80000)
  to   space 1024K, 0% used [0x00000000d6100000,0x00000000d6100000,0x00000000d6200000)
 ParOldGen       total 129536K, used 1119K [0x0000000081400000, 0x0000000089280000, 0x00000000d5c00000)
  object space 129536K, 0% used [0x0000000081400000,0x0000000081517cf0,0x0000000089280000)
 Metaspace       used 4174K, capacity 4852K, committed 5120K, reserved 1056768K
  class space    used 473K, capacity 496K, committed 512K, reserved 1048576K
}

Deoptimization events (0 events):
No events

Internal exceptions (10 events):
Event: 0.555 Thread 0x0000000002f05000 Exception <a 'java/security/PrivilegedActionException'> (0x00000000d5c227a0) thrown at [D:\re\workspace\8-2-build-windows-amd64-cygwin\jdk8\2238\hotspot\src\share\vm\prims\jvm.cpp, line 1248]
Event: 0.556 Thread 0x0000000002f05000 Exception <a 'java/security/PrivilegedActionException'> (0x00000000d5c291c8) thrown at [D:\re\workspace\8-2-build-windows-amd64-cygwin\jdk8\2238\hotspot\src\share\vm\prims\jvm.cpp, line 1248]
Event: 0.557 Thread 0x0000000002f05000 Exception <a 'java/security/PrivilegedActionException'> (0x00000000d5c2ff70) thrown at [D:\re\workspace\8-2-build-windows-amd64-cygwin\jdk8\2238\hotspot\src\share\vm\prims\jvm.cpp, line 1248]
Event: 0.558 Thread 0x0000000002f05000 Exception <a 'java/security/PrivilegedActionException'> (0x00000000d5c34360) thrown at [D:\re\workspace\8-2-build-windows-amd64-cygwin\jdk8\2238\hotspot\src\share\vm\prims\jvm.cpp, line 1248]
Event: 0.558 Thread 0x0000000002f05000 Exception <a 'java/security/PrivilegedActionException'> (0x00000000d5c39b08) thrown at [D:\re\workspace\8-2-build-windows-amd64-cygwin\jdk8\2238\hotspot\src\share\vm\prims\jvm.cpp, line 1248]
Event: 0.563 Thread 0x0000000002f05000 Exception <a 'java/security/PrivilegedActionException'> (0x00000000d5c51360) thrown at [D:\re\workspace\8-2-build-windows-amd64-cygwin\jdk8\2238\hotspot\src\share\vm\prims\jvm.cpp, line 1248]
Event: 0.563 Thread 0x0000000002f05000 Exception <a 'java/security/PrivilegedActionException'> (0x00000000d5c51518) thrown at [D:\re\workspace\8-2-build-windows-amd64-cygwin\jdk8\2238\hotspot\src\share\vm\prims\jvm.cpp, line 1248]
Event: 0.564 Thread 0x0000000002f05000 Exception <a 'java/security/PrivilegedActionException'> (0x00000000d5c552c0) thrown at [D:\re\workspace\8-2-build-windows-amd64-cygwin\jdk8\2238\hotspot\src\share\vm\prims\jvm.cpp, line 1248]
Event: 0.564 Thread 0x0000000002f05000 Exception <a 'java/security/PrivilegedActionException'> (0x00000000d5c55478) thrown at [D:\re\workspace\8-2-build-windows-amd64-cygwin\jdk8\2238\hotspot\src\share\vm\prims\jvm.cpp, line 1248]
Event: 0.565 Thread 0x0000000002f05000 Exception <a 'java/security/PrivilegedActionException'> (0x00000000d5c5f128) thrown at [D:\re\workspace\8-2-build-windows-amd64-cygwin\jdk8\2238\hotspot\src\share\vm\prims\jvm.cpp, line 1248]

Events (10 events):
Event: 12.624 Executing VM operation: ChangeBreakpoints done
Event: 12.633 Executing VM operation: EnterInterpOnlyMode
Event: 12.633 Executing VM operation: EnterInterpOnlyMode done
Event: 12.633 Executing VM operation: GetCurrentLocation
Event: 12.633 Executing VM operation: GetCurrentLocation done
Event: 12.633 Executing VM operation: ChangeSingleStep
Event: 12.633 Executing VM operation: ChangeSingleStep done
Event: 12.637 Executing VM operation: ChangeSingleStep
Event: 12.637 Executing VM operation: ChangeSingleStep done
Event: 12.987 Executing VM operation: GetOrSetLocal


Dynamic libraries:
0x000007f6f5120000 - 0x000007f6f5154000 	C:\Program Files\Java\jdk1.8.0\bin\javaw.exe
0x000007fa030b0000 - 0x000007fa0326e000 	C:\Windows\SYSTEM32\ntdll.dll
0x000007fa025b0000 - 0x000007fa026e7000 	C:\Windows\system32\KERNEL32.DLL
0x000007fa00080000 - 0x000007fa00174000 	C:\Windows\system32\KERNELBASE.dll
0x000007fa01120000 - 0x000007fa011fe000 	C:\Windows\system32\ADVAPI32.dll
0x000007fa00d80000 - 0x000007fa00ecc000 	C:\Windows\system32\USER32.dll
0x000007f9fd9a0000 - 0x000007f9fdc0a000 	C:\Windows\WinSxS\amd64_microsoft.windows.common-controls_6595b64144ccf1df_6.0.9200.16579_none_418ab7ef718b27ef\COMCTL32.dll
0x000007fa00950000 - 0x000007fa009f5000 	C:\Windows\system32\msvcrt.dll
0x000007fa028b0000 - 0x000007fa028f8000 	C:\Windows\SYSTEM32\sechost.dll
0x000007fa00ab0000 - 0x000007fa00bf5000 	C:\Windows\system32\RPCRT4.dll
0x000007fa029a0000 - 0x000007fa02ae1000 	C:\Windows\system32\GDI32.dll
0x000007fa00910000 - 0x000007fa00949000 	C:\Windows\system32\IMM32.DLL
0x000007fa00780000 - 0x000007fa00896000 	C:\Windows\system32\MSCTF.dll
0x0000000074ed0000 - 0x0000000074fa2000 	C:\Program Files\Java\jdk1.8.0\jre\bin\msvcr100.dll
0x00000000733c0000 - 0x0000000073bea000 	C:\Program Files\Java\jdk1.8.0\jre\bin\server\jvm.dll
0x000007f9f5ec0000 - 0x000007f9f5ec9000 	C:\Windows\SYSTEM32\WSOCK32.dll
0x000007f9f78e0000 - 0x000007f9f7900000 	C:\Windows\SYSTEM32\WINMM.dll
0x000007fa00a80000 - 0x000007fa00a87000 	C:\Windows\system32\PSAPI.DLL
0x000007fa00720000 - 0x000007fa00778000 	C:\Windows\system32\WS2_32.dll
0x000007f9f7890000 - 0x000007f9f78c3000 	C:\Windows\SYSTEM32\WINMMBASE.dll
0x000007fa00a70000 - 0x000007fa00a79000 	C:\Windows\system32\NSI.dll
0x000007fa00000000 - 0x000007fa0004f000 	C:\Windows\SYSTEM32\cfgmgr32.dll
0x000007fa00050000 - 0x000007fa00072000 	C:\Windows\system32\DEVOBJ.dll
0x0000000074ec0000 - 0x0000000074ecf000 	C:\Program Files\Java\jdk1.8.0\jre\bin\verify.dll
0x0000000074e90000 - 0x0000000074eb8000 	C:\Program Files\Java\jdk1.8.0\jre\bin\java.dll
0x0000000074e50000 - 0x0000000074e85000 	C:\Program Files\Java\jdk1.8.0\jre\bin\jdwp.dll
0x0000000074e40000 - 0x0000000074e48000 	C:\Program Files\Java\jdk1.8.0\jre\bin\npt.dll
0x0000000074e20000 - 0x0000000074e36000 	C:\Program Files\Java\jdk1.8.0\jre\bin\zip.dll
0x000007fa012d0000 - 0x000007fa025b0000 	C:\Windows\system32\SHELL32.dll
0x000007fa02ef0000 - 0x000007fa030a0000 	C:\Windows\SYSTEM32\combase.dll
0x000007fa026f0000 - 0x000007fa02740000 	C:\Windows\system32\SHLWAPI.dll
0x000007f9fe2b0000 - 0x000007f9fe345000 	C:\Windows\SYSTEM32\SHCORE.dll
0x000007f9fffc0000 - 0x000007f9fffd5000 	C:\Windows\system32\profapi.dll
0x0000000074e10000 - 0x0000000074e19000 	C:\Program Files\Java\jdk1.8.0\jre\bin\dt_socket.dll
0x000007f9ee4a0000 - 0x000007f9ee4b4000 	C:\Windows\system32\napinsp.dll
0x000007f9ee4c0000 - 0x000007f9ee4d8000 	C:\Windows\system32\pnrpnsp.dll
0x000007f9fe8d0000 - 0x000007f9fe8e6000 	C:\Windows\system32\NLAapi.dll
0x000007f9ff780000 - 0x000007f9ff7dc000 	C:\Windows\System32\mswsock.dll
0x000007f9ff5c0000 - 0x000007f9ff65b000 	C:\Windows\SYSTEM32\DNSAPI.dll
0x000007f9ee4e0000 - 0x000007f9ee4f2000 	C:\Windows\System32\winrnr.dll
0x000007f9f7630000 - 0x000007f9f7644000 	C:\Windows\system32\wshbth.dll
0x0000000075f60000 - 0x0000000075f86000 	C:\Program Files\Bonjour\mdnsNSP.dll
0x000007f9faaf0000 - 0x000007f9fab1a000 	C:\Windows\SYSTEM32\Iphlpapi.DLL
0x000007f9faae0000 - 0x000007f9faaea000 	C:\Windows\SYSTEM32\WINNSI.DLL
0x000007f9f8a90000 - 0x000007f9f8af1000 	C:\Windows\System32\fwpuclnt.dll
0x000007f9f6700000 - 0x000007f9f6708000 	C:\Windows\System32\rasadhlp.dll
0x0000000074df0000 - 0x0000000074e0a000 	C:\Program Files\Java\jdk1.8.0\jre\bin\net.dll
0x000007f9f7c20000 - 0x000007f9f7d83000 	C:\Windows\SYSTEM32\dbghelp.dll

VM Arguments:
jvm_args: -agentlib:jdwp=transport=dt_socket,suspend=y,address=localhost:6191 -Dfile.encoding=UTF-8 
java_command: org.eclipse.jdt.internal.junit.runner.RemoteTestRunner -version 3 -port 6190 -testLoaderClass org.eclipse.jdt.internal.junit4.runner.JUnit4TestLoader -loaderpluginname org.eclipse.jdt.junit4.runtime -classNames com.hadoop.mapreducepatterns.MRDPUtilsTest
java_class_path (initial): C:\Users\cuckoo03\git\repository\hadoop-study\target\test-classes;C:\Users\cuckoo03\git\repository\hadoop-study\target\classes;C:\Users\cuckoo03\.gradle\caches\modules-2\files-2.1\ant\ant\1.6.5\7d18faf23df1a5c3a43613952e0e8a182664564b\ant-1.6.5.jar;C:\Users\cuckoo03\.gradle\caches\modules-2\files-2.1\commons-beanutils\commons-beanutils-core\1.8.0\175dc721f87e4bc5cc0573f990e28c3cf9117508\commons-beanutils-core-1.8.0.jar;C:\Users\cuckoo03\.gradle\caches\modules-2\files-2.1\commons-beanutils\commons-beanutils\1.7.0\5675fd96b29656504b86029551973d60fb41339b\commons-beanutils-1.7.0.jar;C:\Users\cuckoo03\.gradle\caches\modules-2\files-2.1\commons-cli\commons-cli\1.2\2bf96b7aa8b611c177d329452af1dc933e14501c\commons-cli-1.2.jar;C:\Users\cuckoo03\.gradle\caches\modules-2\files-2.1\commons-codec\commons-codec\1.4\4216af16d38465bbab0f3dff8efa14204f7a399a\commons-codec-1.4.jar;C:\Users\cuckoo03\.gradle\caches\modules-2\files-2.1\commons-collections\commons-collections\3.2.1\761ea405b9b37ced573d2df0d1e3a4e0f9edc668\commons-collections-3.2.1.jar;C:\Users\cuckoo03\.gradle\caches\modules-2\files-2.1\commons-configuration\commons-configuration\1.6\32cadde23955d7681b0d94a2715846d20b425235\commons-configuration-1.6.jar;C:\Users\cuckoo03\.gradle\caches\modules-2\files-2.1\commons-digester\commons-digester\1.8\dc6a73fdbd1fa3f0944e8497c6c872fa21dca37e\commons-digester-1.8.jar;C:\Users\cuckoo03\.gradle\caches\modules-2\files-2.1\commons-el\commons-el\1.0\1df2c042b3f2de0124750241ac6c886dbfa2cc2c\commons-el-1.0.jar;C:\Users\cuckoo03\.gradle\caches\modules-2\files-2.1\commons-httpclient\commons-httpclient\3.1\964cd74171f427720480efdec40a7c7f6e58426a\commons-httpclient-3.1.jar;C:\Users\cuckoo03\.gradle\caches\modules-2\files-2.1\commons-lang\commons-lang\2.4\16313e02a793435009f1e458fa4af5d879f6fb11\commons-lang-2.4.jar;C:\Users\cuckoo03\.gradle\caches\modules-2\files-2.1\commons-logging\commons-logging\1.1.1\5043bfebc3db072ed80fbd362e7caf00e885d8ae\commons-logging-
Launcher Type: SUN_STANDARD

Environment Variables:
JAVA_HOME=C:\Program Files\Java\jdk1.8.0
PATH=C:\Program Files\Java\jdk1.8.0\jre\bin;C:\Program Files (x86)\Common Files\NetSarang;C:\Windows\system32;C:\Windows;C:\Windows\System32\Wbem;C:\Windows\System32\WindowsPowerShell\v1.0\;C:\Program Files\Java\jdk1.8.0\bin;C:\home\maven\apache-maven-3.1.0\bin;C:\home\groovy\groovy-1.5.8\bin;C:\home\scala\scala-2.5.0-final\bin;C:\home\ant\ant-1.8.0\bin;C:\home\thrift\thrift-0.5.0;C:\home\gradle\gradle-2.0\bin;C:\Program Files (x86)\IDM Computer Solutions\UltraEdit\
USERNAME=cuckoo03
OS=Windows_NT
PROCESSOR_IDENTIFIER=Intel64 Family 6 Model 69 Stepping 1, GenuineIntel



---------------  S Y S T E M  ---------------

OS: Windows 8 , 64 bit Build 9200 

CPU:total 4 (2 cores per cpu, 2 threads per core) family 6 model 69 stepping 1, cmov, cx8, fxsr, mmx, sse, sse2, sse3, ssse3, sse4.1, sse4.2, popcnt, avx, avx2, aes, clmul, erms, ht, tsc, tscinvbit

Memory: 4k page, physical 8306108k(490660k free), swap 22409040k(3130348k free)

vm_info: Java HotSpot(TM) 64-Bit Server VM (25.0-b70) for windows-amd64 JRE (1.8.0-b132), built on Mar  4 2014 03:46:18 by "java_re" with MS VC++ 10.0 (VS2010)

time: Mon Dec 08 19:20:10 2014
elapsed time: 16 seconds

